656430004 4   19488.63
 3154810 5   28417.94
670423352 2    9079.45
990265213 3   14865.25
417989205 2    5924.90
649966045 2    8319.70
865349109 3   17373.50
46349463 3   25721.75
844767921 3   11172.00
945849691 2    6685.40
652469525 3   14552.00
192981896 5   26974.52
222908897 2    6562.75
421705853 3   17553.00
724191353 4   27426.92
511524732 5   34309.10
600900790 3   28130.50
818782033 3   15110.25
375380251 3   27603.00
866173744 5   30715.73
79851202 2    3379.85
959178401 4   17524.03
780634905 3   28163.50
233970495 4   32939.55
896272145 2    4362.40
371386678 2    3925.40
575912233 4   23173.31
296010314 2    7435.60
629521505 3   13801.00
925570823 4   20824.23
322667860 2    3816.05
948969523 3   24937.25
937148260 5   34290.62
114309175 3   24843.25
830344149 2    6047.15
490631343 2    6129.95
863888810 3    8946.75
494528468 4   25133.15
449541307 3   18142.75
951385949 3   17716.25
861090597 5   29434.34
106114836 2    3509.45
229489443 3   22420.75
748772902 3   17434.50
929744253 3    9191.25
640497997 2    8216.35
997533582 3   10634.25
226296527 4   18806.71
621883922 5   31960.82
458372660 4   28229.40
714322216 5   32150.57
419341851 3   12300.75
77579687 4   16640.35
380959365 4   16765.79
194162860 3    6374.75
831106206 3   12136.50
146106727 2    7630.15
846089953 4   20359.71
91915708 3   12319.25
680146472 3   13455.50
331027333 5   31212.71
586096110 3   21435.00
16625542 2    5182.40
432427212 3   25320.50
590096567 4   24881.71
115709685 4   30574.95
236977045 3   25059.00
11716499 3   14543.50
721823400 3   20055.50
427335183 3   17674.50
726217289 3   26546.25
901717846 4   24120.55
305588798 2    3607.15
10920032 4   24556.79
978081680 2    5687.80
166983310 2    3174.35
344419434 3    7568.50
258513545 3   12750.00
770447591 3   14244.25
842289364 4   25004.51
175137226 3   18272.50
171531074 3    5430.50
158151917 2    3589.40
29589314 4   20087.71
877252857 3   13301.75
309548628 3   18810.00
222970809 2    4967.60
880579303 4   15790.27
379370836 3   18301.00
647540382 2    7168.75
194844392 3   21965.75
485932815 3   16237.25
227146978 3   12638.25
992413130 5   30436.88
103927216 5   28327.52
298385297 3   14658.25
780847840 3   13432.00
709486250 3   24294.50
939950266 2    3411.35
261856068 3    5305.00
463431049 2    3145.00
320072820 3    7274.75
845412874 4   16656.59
581786930 3   10996.75
787764223 2    3847.55
792311275 3   14237.75
567371554 3   12401.00
639071049 5   28900.07
911369206 3   10734.25
410508626 4   31256.76
358070539 2    3296.35
45739489 3   11835.00
83193557 3   26061.50
292473158 3   13053.00
409671648 3   12836.25
723995859 3   21414.00
253396646 3   20352.75
294735051 4   21958.39
457909607 2    4113.55
432860132 5   28468.76
856857458 3   20673.00
561896606 3    6630.50
190632401 5   36311.54
678032342 3   17564.00
56953759 3   15239.25
788547855 5   33476.18
264661254 4   30285.99
339896450 4   21585.99
787149554 3   24258.00
304932328 2    3528.05
341876271 3    6025.00
243311832 3   16618.50
81849753 3    7866.50
842350391 2    9298.90
931164738 2    7009.00
366558620 3   10280.25
151096746 3   17151.00
441017185 4   31206.36
790721822 5   35505.68
596405061 2    3756.70
468746642 2    8051.95
822587460 4   23004.19
856734903 3   11031.00
968114440 2    8507.95
434045387 2    4664.95
678064929 4   23113.51
599561101 2    2847.55
45838672 2    2976.25
73577367 3   15661.00
369959303 5   32912.54
800749083 3   12626.00
648090357 2    5974.75
477369705 3   14036.50
338199758 3    6108.25
590651535 4   20727.63
496283465 3   13095.00
755977728 4   32004.63
191095971 4   25577.23
980914810 4   17799.55
834025704 2    3787.10
47623199 3   12910.00
209534392 4   18769.75
12864709 4   27152.51
53010374 2    4448.80
502487300 3   12259.75
860237971 4   27336.75
614185316 4   17328.59
623627938 4   32830.35
 1298246 3    7281.00
875512511 2    5830.00
464187914 2    3442.70
142266815 4   25462.03
195193347 3   20124.00
602030012 5   32264.75
642302818 4   34013.91
635843658 3   25534.50
151083516 3   16583.00
990558722 3   25212.50
507452325 3    7310.00
567283150 2    4963.70
300377985 3   27735.75
53776842 2    4364.20
611440704 2    3312.80
36504139 2    5068.10
890053142 3   23289.00
684491254 4   33617.43
193437535 3    5505.25
648088235 3   14981.25
172945670 2    6444.85
945348481 2    6017.35
609898319 2    8640.70
302811589 2    7548.10
912088612 2    4066.55
588798164 3   10828.50
676825063 3   26942.25
331628951 3   13937.75
164042886 2    9794.95
926596963 2    3149.20
668873262 4   25525.31
842212468 3   22996.75
782397799 2    4482.40
378964101 5   30958.61
325962854 3    8822.50
339102575 5   29093.12
120010411 3   11394.00
568256653 3   22701.25
79514141 4   34067.39
10262061 2    4431.70
590039129 2    8791.60
937180536 3   28465.00
824299298 5   27692.60
520695518 3   20406.25
989179832 4   34297.55
304021292 4   15685.83
752627034 3   26012.00
679318961 2    8025.40
746158349 4   21720.95
897863809 4   31751.52
866602920 3   23082.25
433061882 2    3345.35
686797912 2    8834.50
269948482 3   25781.75
953773705 3   26666.75
609018313 4   20975.59
57100392 2    4021.40
986155429 3    7441.75
208351285 2    4880.60
745835652 2    5754.85
651391857 2    3590.50
315103695 3   16364.50
980497279 3   28163.75
104126678 4   17083.31
333632489 5   32405.99
55519085 2    6698.75
86918833 2    7487.65
597370576 2    4090.55
786355040 3   12557.75
906867415 3   19398.75
12688003 3   27609.25
960753809 2    5126.75
731591862 5   34186.01
841422904 2    6586.45
68365679 2    6316.30
507088786 2    5601.35
732218828 4   24287.55
330701744 4   23569.23
816388092 3   24930.25
372606467 3   10382.75
969085770 3   17779.00
955101129 2    8665.15
431908012 2    4764.80
580100033 3   12897.00
82593318 4   21330.07
906930481 4   21731.03
404412626 4   30608.56
116217226 3   13335.75
879604078 4   23889.27
559683252 5   28106.42
492378617 4   20759.15
851988176 5   36666.29
182976690 2    7098.10
341621034 3   17545.75
809344338 3   10752.50
518294152 5   29019.53
710209579 3   22630.75
592298610 3    9836.25
769008301 2    3671.60
 6444797 5   34616.66
625007787 3    9863.75
874397615 3   15503.25
27228630 3   24093.25
530933667 3   14397.25
168091516 3   16615.25
919502116 5   34589.27
283656588 2    4262.35
424475351 3   19535.25
893105304 3   17519.50
514112682 4   21070.23
625441617 3   11830.50
622216650 3   13502.25
60792460 3   11546.75
 4636262 5   27844.07
626634276 4   30398.55
784196447 2    4744.25
575713589 3   22815.25
792172275 3   19171.75
763443867 3   20282.50
552865354 4   20242.11
782418551 5   32661.74
427852366 3    8282.75
120942466 3    8035.75
841996827 4   29575.08
433861884 3   16949.50
838072612 4   17340.63
991695367 3   23946.50
597003502 3    6579.25
115989013 2    6435.95
59814859 3   18110.00
108882735 2    6897.25
802434162 3   10021.75
882607822 4   19140.03
904721362 3   15772.25
437935403 3   17165.00
801106624 5   28572.05
107075593 3   12515.50
67424467 3   12336.75
860433314 5   30033.95
378642871 2    9355.45
787029837 3   21542.25
949631537 2    3437.90
717171076 4   17231.43
509313071 3   19061.25
476014840 5   27158.66
169298937 3   11573.00
388000767 4   30266.12
269175717 3   11079.00
940671349 4   19651.59
614619447 3   16951.25
701114849 2    6844.90
276994994 2    7711.15
917063094 3   15381.00
554772522 3   20540.25
673628218 2    4897.40
159575838 2    5571.25
664313692 4   26344.15
413723649 2    3391.10
446170839 5   33789.35
709687827 3   14248.00
324731766 2    8728.60
974685089 2    9077.05
151907388 3   21502.25
864475744 2    4081.85
654935166 2    2716.00
537713955 4   19358.59
469883656 2    5807.90
934537103 2    3082.00
572170189 4   19621.23
347764338 2    9165.85
606444494 2    7419.85
868365366 3    6185.75
832370084 2    8717.35
381780159 4   19555.27
883114095 3   19248.50
898843142 4   23875.11
840127046 2    3762.25
399912517 2    6497.05
774867856 4   22053.31
221127599 2    6479.75
771668731 3   27007.75
147644394 4   29399.52
487626209 3    7553.75
802124566 2    4524.35
542051762 2    4816.90
391424981 4   18062.19
377354122 3   16482.50
334859587 4   19779.71
917358822 2    9187.00
259756899 2    4853.15
855500337 4   27025.95
985472958 2    3496.15
380946298 2    4280.45
186546166 4   15921.59
653545881 2    5667.55
401372642 5   26686.10
69424977 4   17916.03
150244042 3   18991.25
945457742 4   14830.43
440774328 3   27381.50
584639602 4   21690.71
389722685 5   37038.53
849230259 3   14388.75
439543677 3   15277.25
809913663 5   30644.12
907832366 2    4209.20
58043157 2    4871.45
477843515 3   11870.75
475422711 4   17702.39
361684468 3    7996.00
419537046 4   27755.91
714858501 4   21291.55
40893434 3   16393.75
981100263 3   17814.25
146030516 2    4583.60
732244223 3   17323.50
759352759 3   12917.00
574581833 2    3405.35
78606257 3   20864.25
307140977 3   15666.50
326234055 3   27475.25
979665068 2   10251.40
167025429 5   27148.43
10296185 5   27881.03
99450331 3   14792.00
219080785 3   15428.25
60021639 3   15969.00
343702093 4   21494.99
117623896 3   19647.75
631791547 2    5946.10
320525114 4   21710.03
738979012 2    6674.05
171807551 3   15258.00
227293919 3   11901.50
191075050 3   14605.00
49375760 4   29986.39
919307596 3    9468.25
327098505 4   22042.95
444431755 3   23131.00
633690314 2    4081.70
507352107 4   23695.51
757017620 5   29707.58
229548300 2    6658.30
292261187 2    2918.20
757664315 3   14907.00
903276521 5   34114.73
504048144 2    6725.35
419048864 3   23394.50
504542815 3   12472.00
118404430 3   12050.25
948721032 5   26979.47
242661882 3   17344.75
58038890 3    8626.25
610155573 3    6834.00
773579872 3   29020.50
27293805 2    4083.50
243603199 2    4031.45
422117182 4   29395.88
418834942 3   19865.00
477379540 2    7459.00
870068200 3   29035.75
441146844 3   11915.00
723767865 3   26138.75
593583035 2    2981.80
195707546 3   11372.75
327596155 4   18371.03
906839983 4   31879.48
848790185 3   26509.25
132054819 4   31200.48
185308772 3   18004.00
527540225 3   19741.50
803593006 4   27760.68
413005867 3   24111.75
829302587 4   23611.51
508441701 4   15972.55
631148520 2    7417.15
517098657 3   12728.50
85535768 5   33558.02
611970600 5   30542.81
387528532 3   11309.00
923337183 3   15714.50
134594024 3   14203.50
626980014 2    6085.70
644549488 5   34434.83
834845480 3   27573.25
266856857 4   23934.07
177426137 5   34911.02
260144515 4   22260.23
756069585 3   20942.50
685756967 2    5354.05
284755419 2   10050.70
173754947 2    8096.20
883720717 3   19855.75
855604449 2    2824.45
151901784 3   11850.00
322427920 3   10917.25
805457801 2    5555.00
971769073 2    3778.70
174264046 2    3302.00
80475957 5   28381.31
409123223 2    2822.35
223989739 4   23078.39
583234557 2    3692.05
966452205 3   15179.50
264033287 3   16684.75
156301897 3   20682.25
28518270 4   31111.43
81009140 3    5406.25
322428225 2    5073.80
765961043 2    4042.25
332415341 5   30850.70
747781368 4   23774.75
20911193 2   10127.05
245892322 3   17717.25
61240405 2    9953.80
446203378 3   10397.50
156462079 3   26399.75
600162328 3   23806.50
73752450 5   27382.73
439455554 3   18981.00
843595980 3   26190.25
295032877 4   15620.03
210377829 3    8062.00
309191086 5   26893.01
289268728 5   35172.71
86771233 4   17461.87
738287887 3    7096.75
137084685 4   21414.47
356648446 3   15267.25
990468817 3   12214.75
711927563 4   25916.87
466134843 4   30753.32
344740428 3   15811.25
430469871 3   12211.75
684468310 3   24665.25
94135832 5   33803.87
129067131 3    9231.00
103912862 3    7150.50
944825953 5   34318.34
478795066 4   20771.87
174964986 3    7846.00
993866686 3   15586.50
473588216 3   13334.50
557820419 3   19331.50
969207835 2   10219.15
526248141 3   13833.00
436125778 3   10461.25
 4478935 2    6279.40
280781674 3    8495.50
785344156 2    3226.10
870002875 3   14020.75
812370384 2    3931.85
883025896 3   13177.25
493112155 3    8244.75
186908137 4   28329.63
295261458 5   31665.47
805723926 3    6853.00
61987754 3    6079.25
920447760 3   21642.50
190468005 4   21262.87
652905405 3    7380.25
557067062 4   19307.91
579726376 2    3446.35
551941692 3   15117.25
554654166 4   22611.75
434960857 2    5940.50
198141430 4   19689.55
414556884 2    4374.65
260616584 4   31619.92
122721037 3    5353.25
286482088 2    4376.30
875790904 3    7724.00
255194476 3   12713.00
890689930 4   31677.31
288700272 2    6880.40
547212015 3   28916.75
85720409 2    9889.45
136263797 4   25590.11
592882787 5   29769.95
409815141 2    4632.80
236436226 3   21203.25
137137433 3   17840.25
58385005 3   22657.25
745173328 4   29197.36
192046270 3   13706.25
280744938 5   31763.81
144276963 3    7621.00
32313023 4   22000.79
947595492 4   17652.83
299647773 3   21516.25
260235701 5   31211.39
444028177 2    7417.45
265862653 4   24646.67
312105346 5   26298.68
984506895 4   16179.47
653978230 3   17156.50
379819273 3    8114.75
 7755704 2    5354.05
903887218 2    5078.05
286033037 4   31639.52
679732192 2    5055.85
55941833 3   13030.75
554782479 4   29385.51
588167563 4   22312.31
966963697 3    7200.25
215913869 5   33342.20
640595399 2    3962.00
618695837 3   10491.75
266275623 3   12591.75
132193982 3   19774.00
205418041 3   25062.25
518497104 3   20265.00
519457880 4   23747.31
956364116 3   14507.75
427408100 4   18957.75
41091286 3   10137.50
223258728 2    8924.95
598560363 5   35265.44
939694187 3   17867.25
112934652 2    5888.50
815727593 3   11745.75
262148229 2    4651.85
829645181 3   27441.75
915789553 4   33076.75
755510571 5   34904.75
209671605 4   19612.67
593711874 2    3243.10
736340915 4   25538.59
79938742 3   28453.50
623187511 5   32117.90
179980063 3   27643.50
29851733 4   20173.39
223603851 2   10034.05
815069932 2    5796.55
836972951 5   29420.15
800560069 5   26078.24
920023346 3   13585.25
428442338 3   23316.75
114635894 3   10019.00
988315755 3   22884.75
417502995 2    4532.15
98818818 3    7822.50
787562149 3   17761.00
442143188 3   12974.25
202638775 4   21809.83
108619562 2    7365.55
65245979 3   13654.25
840575055 3   10040.50
690904873 2    8751.25
736914413 2    3957.80
153965933 2    5352.55
166262892 5   33240.56
86663032 2    4750.25
317057046 4   27537.51
113504049 3    7948.50
159210218 3   21740.50
398692952 2    4841.80
36838276 3    9710.00
720654681 2    3100.25
929067019 5   31936.40
402463004 2    6401.60
36082920 3   11638.75
13479472 3   12925.75
 8740263 3   14390.00
261096638 3   23595.75
489368972 3   11009.75
246125107 2    4083.35
349532470 3   11524.75
 2583999 2    7390.00
542095966 5   29102.69
757192583 5   30285.08
53773157 4   30704.59
458627113 3   11158.75
401090365 3    5574.00
466973929 4   15079.91
142635904 3    9503.25
970972354 4   16372.95
434837838 2    3866.00
199716467 4   22853.11
623274951 3   19735.75
226685649 3   13161.75
589608469 3    9578.25
830507116 3   11895.50
395333021 3   11062.25
407275285 5   30666.89
380900002 3   14332.75
728730701 2    3275.65
880713601 3   14325.25
771915171 2    3337.60
11209729 3   10918.25
956987087 2    3873.20
480295192 5   28153.28
886401384 4   28810.67
576419980 3   13005.50
784659527 2    4692.35
924914770 4   26816.79
327164588 5   28388.57
430884854 5   36387.77
219869940 4   32164.80
853455488 2    5224.45
167379595 2    2943.50
464420983 5   26498.99
413910086 3   13018.50
875234336 2    6669.10
420768204 2    4031.45
136667089 2    5318.45
472148024 3   21956.00
709077746 4   19109.79
725068407 2    6387.10
609236235 3   11838.00
538904630 3    5194.25
821527646 3    8008.75
806532241 3   20660.50
369812178 5   31189.94
832697436 3   24483.50
642171808 3   13374.25
515521088 2    5105.00
885593380 2    3538.40
855602528 3   14886.25
437667644 3   12961.25
479486099 3   18568.50
108810005 5   35209.01
919637514 4   18590.27
684830888 2    9081.40
765095348 3    5684.50
279367358 4   26059.11
945534167 5   30453.05
693404993 4   23783.99
420467242 3    8063.50
479978546 2    3409.30
105181523 5   35026.52
151675083 2    7187.65
45992254 2    4662.95
45350135 2    5955.55
663180273 5   34260.26
63341911 3   16383.25
940029307 4   30889.39
656586817 3   22547.75
238604827 2    4548.25
306293749 5   35471.36
780837645 3    7693.50
943143430 2    4762.00
645443105 3    6264.25
838530803 4   21889.23
900575344 3   20661.75
662694878 2    4125.65
173504269 4   19638.31
670737667 2    4822.00
257742345 3   23634.50
736321062 3   11672.25
146653877 2    5704.85
785774056 5   30613.43
196699616 2    8006.80
359680733 2    5170.25
272300457 3   25133.50
73115032 3   28726.75
304173647 3   26756.00
982609837 5   35045.66
179681786 2    4056.65
792343817 3   14363.25
258385315 3   20673.75
270759618 4   27701.88
483908601 4   18626.23
924209823 3   11926.75
998667310 3   23382.75
139741039 3   11415.25
958521938 2    4270.60
388370066 3   23671.50
133899317 5   33086.45
691045308 3   24208.50
146942899 2   10089.40
91503511 5   31941.02
104283350 3   19666.25
334047431 3   23224.50
38334205 3   16935.25
906931177 2    3921.20
55305052 2    5806.90
885153492 4   23852.15
864524954 2   10349.20
197444497 3   21051.50
245534963 3   22429.75
187824844 3   13167.50
737709563 4   26665.87
864692896 5   36410.54
953277969 3    6907.50
458740131 3   22797.00
910303731 2    4579.40
395463427 5   26626.37
877607312 2    4784.35
84239816 2    6591.70
138815937 3   17052.50
223776100 2    3524.15
728893071 4   30830.60
626536002 3   18918.50
276858511 4   30237.00
453524064 4   32563.79
464619465 2    7019.20
154048705 3    8708.25
278424437 3   25375.50
151962793 2    3657.20
760915051 3    8152.75
532263620 2    3633.55
77455446 4   27018.40
80761795 3   11463.75
526046561 3    8565.75
87968722 3   10899.50
713012749 5   27137.21
540268751 3   24780.00
292043605 4   17427.43
691463084 3   14691.00
115774459 3   16449.25
440100478 3   14764.00
336619396 4   31530.31
577870801 4   23198.91
148460062 4   15122.47
631991676 3   14918.00
52058271 3   20821.75
723600946 3    6098.75
170352444 5   28180.01
813280188 2    5964.65
407601606 3   11986.00
695368934 3   14976.75
992008087 3    8809.75
21633553 3   19250.00
57170618 2    5639.45
647818979 4   31250.31
597443422 2    4317.20
136883692 3   15752.25
771814573 2    4361.60
701021726 3   23535.50
623498281 5   30248.45
311872230 3    8847.00
615442975 5   34317.02
659106964 3   11942.25
405354324 3   23738.00
157322822 3   19499.00
762188943 3   26063.75
637874291 2    3168.95
819052123 5   33065.33
177928064 5   29509.91
38310991 4   27861.19
547478027 3   13064.00
497848135 5   25920.50
14544607 3   11140.75
251789306 2    5251.60
878310745 5   31070.15
39382859 3   18245.25
454459603 3   16420.25
596968080 3    5809.75
455882028 4   23670.87
447044884 2    4700.30
274999348 3   20034.25
811351730 2    4900.40
890208610 3   25331.50
935885668 3    5263.75
704364049 2    3885.70
205125981 2    4787.30
914619129 3    7325.75
787519346 3   10342.25
114644625 5   36126.74
828936429 4   22489.27
62390547 5   34740.74
998572558 4   18756.87
775723128 3   11484.50
590156230 4   16191.23
597324145 5   28258.88
392623159 5   30902.84
970058961 3   14891.00
 7870669 3   23010.75
471859140 3   25945.50
617305929 4   23116.59
946422173 3   23631.50
235282282 3    5604.75
778714886 5   36990.68
352461398 3    5700.25
165891282 3    9906.75
577462831 5   30240.86
855391859 3   15169.50
38179530 3   10962.75
983165508 3   23527.25
465758374 2    4395.65
23750552 2    7925.35
70257083 4   21692.11
64036470 3   11195.25
893856314 3   22953.00
165179353 3    9130.00
26623836 2    4354.85
681341233 3   12040.25
346050177 3   24177.75
993585381 3   12470.00
47851549 2    6231.40
503970999 2    9979.75
560585861 3    8925.75
713686294 4   29690.44
489436783 4   25339.67
947590675 3   28106.50
156707943 4   26875.87
780662705 3   10319.00
198208153 5   27439.49
629905289 2    6509.15
246597496 3   10974.50
921492004 3   11497.00
774196738 2    6002.50
913258399 3   11860.50
978890903 3   21977.75
989887927 3   26637.25
517919092 2    8359.30
314057833 5   35287.22
787188073 3    8162.75
343723368 2    4628.05
231829720 2    6832.85
210615619 3   10933.00
750430576 3    5603.50
699594797 3   28711.75
70071601 3   14156.00
679622725 3    9239.00
846705328 3   22665.75
899858453 2    7342.90
222944877 3   26352.50
332396658 3    8584.75
801720065 3   16842.50
98856677 2    4389.95
75839856 3   12227.75
890153504 2    4567.00
638071493 3   14331.50
966155660 4   16089.31
314686523 5   26163.71
778669924 3   10398.25
553862130 3   19972.00
806659597 3   10633.00
18503514 5   30181.13
881427970 4   18482.47
70310105 4   20539.47
535499032 3   11226.25
21778809 3   16335.75
662899967 4   21177.59
463902501 3    8448.50
896544503 5   32876.57
747005239 3   12695.50
314669007 2    9713.80
615720288 2    3294.80
794221920 5   35978.24
554771627 2    5555.95
329438585 2    4151.45
168587831 3   25748.00
904887873 2    9301.30
603755601 2    4534.45
170326727 5   33798.92
256485876 3   18972.00
476480037 2    3337.70
702918800 4   19605.39
393021730 3    6717.25
425682100 4   21749.23
90434199 3    5645.50
381728332 3   12698.75
540242740 4   16878.35
393774718 3    6995.75
684588071 2    9815.20
437741581 2    2747.20
304798673 3   20492.25
748063340 3   26833.25
822781778 3    6730.75
531741742 3   12988.25
142203747 3   17528.25
811929262 2    6173.80
280742412 3   17895.00
457314921 3    6405.00
114461386 3   25929.00
219258350 2    3740.00
896426733 5   36992.66
694136522 3   16983.00
971907218 4   27433.36
862020684 3   12274.00
566711652 4   32236.76
488145024 2    5840.50
140238984 3   23701.75
862260237 2    4692.65
836463809 3   14000.25
625880545 3   16124.75
762465128 3   20789.25
269472615 3   12265.00
984929416 4   28846.52
302316071 5   27996.20
91072815 3   15677.75
236870964 5   29374.94
 2170407 4   24187.47
585061657 3   18600.50
305560169 4   23187.87
834997809 2    4910.60
367700529 2    9335.05
304048039 3   11546.00
977355180 2    7207.90
751232002 2    9640.30
790197414 2    4689.50
409294274 4   21183.63
308430828 2    5366.35
589497446 4   18179.23
62268872 3    7918.75
609417384 2    9732.70
620586518 2    6454.60
583554298 3   17391.25
592249975 3   12821.50
716206444 3   22866.25
833870706 3   19833.75
350729278 4   17233.11
828664681 4   28464.04
707059387 3   17852.25
740216652 4   21615.95
310721694 2    4768.55
260033958 3    7041.00
298551725 4   31382.20
514686274 4   21384.23
566406621 4   32655.07
962565883 3   12216.25
26800632 3   27844.00
531711006 4   21607.67
740719788 3   12007.75
956506846 3    6349.25
203485526 3   10099.00
446625004 3   14725.25
75307751 3    6953.50
554058428 3   19267.25
662083884 4   17051.11
477022054 3   22294.75
785172527 3    8072.75
613625210 4   20947.71
127931367 5   33977.78
590456843 5   29626.40
439903239 5   26598.65
98021682 3   14439.25
429100141 3   18029.00
32438391 2    4119.55
